INFO [2026-07-07 22:54:49] [[1]]
INFO [2026-07-07 22:54:49] list(LASSO = lassoGene, `SVM-RFE` = svmGene)
INFO [2026-07-07 22:54:49] 
INFO [2026-07-07 22:54:49] $filename
INFO [2026-07-07 22:54:49] NULL
INFO [2026-07-07 22:54:49] 
INFO [2026-07-07 22:54:49] $fill
INFO [2026-07-07 22:54:49] c("cornflowerblue", "darkorchid1")
INFO [2026-07-07 22:54:49] 
INFO [2026-07-07 22:54:49] $alpha
INFO [2026-07-07 22:54:49] [1] 0.5
INFO [2026-07-07 22:54:49] 
INFO [2026-07-07 22:54:49] $scaled
INFO [2026-07-07 22:54:49] [1] FALSE
INFO [2026-07-07 22:54:49] 
INFO [2026-07-07 22:54:49] $cat.cex
INFO [2026-07-07 22:54:49] [1] 1.1
INFO [2026-07-07 22:54:49] 
INFO [2026-07-07 22:54:49] $cex
INFO [2026-07-07 22:54:49] [1] 1.2
INFO [2026-07-07 22:54:49] 
INFO [2026-07-07 22:54:49] $margin
INFO [2026-07-07 22:54:49] [1] 0.1
INFO [2026-07-07 22:54:49] 
