INFO [2026-07-07 23:00:09] [[1]]
INFO [2026-07-07 23:00:09] list(LASSO = lassoGene, `SVM-RFE` = svmGene)
INFO [2026-07-07 23:00:09] 
INFO [2026-07-07 23:00:09] $filename
INFO [2026-07-07 23:00:09] NULL
INFO [2026-07-07 23:00:09] 
INFO [2026-07-07 23:00:09] $fill
INFO [2026-07-07 23:00:09] c("cornflowerblue", "darkorchid1")
INFO [2026-07-07 23:00:09] 
INFO [2026-07-07 23:00:09] $alpha
INFO [2026-07-07 23:00:09] [1] 0.5
INFO [2026-07-07 23:00:09] 
INFO [2026-07-07 23:00:09] $scaled
INFO [2026-07-07 23:00:09] [1] FALSE
INFO [2026-07-07 23:00:09] 
INFO [2026-07-07 23:00:09] $cat.cex
INFO [2026-07-07 23:00:09] [1] 1.1
INFO [2026-07-07 23:00:09] 
INFO [2026-07-07 23:00:09] $cex
INFO [2026-07-07 23:00:09] [1] 1.2
INFO [2026-07-07 23:00:09] 
INFO [2026-07-07 23:00:09] $margin
INFO [2026-07-07 23:00:09] [1] 0.1
INFO [2026-07-07 23:00:09] 
