INFO [2026-07-15 20:39:25] [[1]]
INFO [2026-07-15 20:39:25] list(`정상→초기 (N→E)` = NE, `초기→말기 (E→L)` = EL)
INFO [2026-07-15 20:39:25] 
INFO [2026-07-15 20:39:25] $filename
INFO [2026-07-15 20:39:25] NULL
INFO [2026-07-15 20:39:25] 
INFO [2026-07-15 20:39:25] $fill
INFO [2026-07-15 20:39:25] c("#ff7f0e", "#d62728")
INFO [2026-07-15 20:39:25] 
INFO [2026-07-15 20:39:25] $alpha
INFO [2026-07-15 20:39:25] [1] 0.5
INFO [2026-07-15 20:39:25] 
INFO [2026-07-15 20:39:25] $cex
INFO [2026-07-15 20:39:25] [1] 1.5
INFO [2026-07-15 20:39:25] 
INFO [2026-07-15 20:39:25] $cat.cex
INFO [2026-07-15 20:39:25] [1] 1.1
INFO [2026-07-15 20:39:25] 
INFO [2026-07-15 20:39:25] $main
INFO [2026-07-15 20:39:25] [1] "변화 구간 겹침"
INFO [2026-07-15 20:39:25] 
