INFO [2026-07-15 20:31:18] [[1]]
INFO [2026-07-15 20:31:18] list(`정상→초기 (N→E)` = NE, `초기→말기 (E→L)` = EL)
INFO [2026-07-15 20:31:18] 
INFO [2026-07-15 20:31:18] $filename
INFO [2026-07-15 20:31:18] NULL
INFO [2026-07-15 20:31:18] 
INFO [2026-07-15 20:31:18] $fill
INFO [2026-07-15 20:31:18] c("#ff7f0e", "#d62728")
INFO [2026-07-15 20:31:18] 
INFO [2026-07-15 20:31:18] $alpha
INFO [2026-07-15 20:31:18] [1] 0.5
INFO [2026-07-15 20:31:18] 
INFO [2026-07-15 20:31:18] $cex
INFO [2026-07-15 20:31:18] [1] 1.5
INFO [2026-07-15 20:31:18] 
INFO [2026-07-15 20:31:18] $cat.cex
INFO [2026-07-15 20:31:18] [1] 1.1
INFO [2026-07-15 20:31:18] 
INFO [2026-07-15 20:31:18] $main
INFO [2026-07-15 20:31:18] [1] "변화 구간 겹침"
INFO [2026-07-15 20:31:18] 
